# JRE version: OpenJDK Runtime Environment Temurin-21.0.5+11 (21.0.5+11) (build 21.0.5+11-LTS)
# Java VM: OpenJDK 64-Bit Server VM Temurin-21.0.5+11 (21.0.5+11-LTS, mixed mode, emulated-client, sharing, tiered, compressed oops, compressed class ptrs, g1 gc, windows-amd64)
GC Precious Log:
 CardTable entry size: 512
 Card Set container configuration: InlinePtr #cards 4 size 8 Array Of Cards #cards 16 size 48 Howl #buckets 8 coarsen threshold 3686 Howl Bitmap #cards 512 size 80 coarsen threshold 460 Card regions per heap region 1 cards per card region 4096
 CPUs: 12 total, 12 available
 Memory: 16077M
 Large Page Support: Disabled
 NUMA Support: Disabled
 Compressed Oops: Enabled (Zero based)
 Heap Region Size: 2M
 Heap Min Capacity: 8M
 Heap Initial Capacity: 252M
 Heap Max Capacity: 4020M
 Pre-touch: Disabled
 Parallel Workers: 10
 Concurrent Workers: 3
 Concurrent Refinement Workers: 10
 Periodic GC: Disabled
Heap:
 garbage-first heap   total 102400K, used 61064K [0x0000000704c00000, 0x0000000800000000)
  region size 2048K, 18 young (36864K), 3 survivors (6144K)
 Metaspace       used 70723K, committed 71552K, reserved 1114112K
  class space    used 9858K, committed 10240K, reserved 1048576K
GC Heap History (20 events):
Event: 3.997 GC heap before
{Heap before GC invocations=12 (full 0):
 garbage-first heap   total 69632K, used 54664K [0x0000000704c00000, 0x0000000800000000)
  region size 2048K, 20 young (40960K), 3 survivors (6144K)
 Metaspace       used 34436K, committed 35008K, reserved 1114112K
  class space    used 4571K, committed 4800K, reserved 1048576K
}
Event: 4.001 GC heap after
{Heap after GC invocations=13 (full 0):
 garbage-first heap   total 69632K, used 21049K [0x0000000704c00000, 0x0000000800000000)
  region size 2048K, 2 young (4096K), 2 survivors (4096K)
 Metaspace       used 34436K, committed 35008K, reserved 1114112K
  class space    used 4571K, committed 4800K, reserved 1048576K
}
Event: 4.242 GC heap before
{Heap before GC invocations=13 (full 0):
 garbage-first heap   total 69632K, used 57913K [0x0000000704c00000, 0x0000000800000000)
  region size 2048K, 20 young (40960K), 2 survivors (4096K)
 Metaspace       used 38146K, committed 38784K, reserved 1114112K
  class space    used 4998K, committed 5312K, reserved 1048576K
}
Event: 4.244 GC heap after
{Heap after GC invocations=14 (full 0):
 garbage-first heap   total 69632K, used 21642K [0x0000000704c00000, 0x0000000800000000)
  region size 2048K, 2 young (4096K), 2 survivors (4096K)
 Metaspace       used 38146K, committed 38784K, reserved 1114112K
  class space    used 4998K, committed 5312K, reserved 1048576K
}
Event: 4.494 GC heap before
{Heap before GC invocations=14 (full 0):
 garbage-first heap   total 69632K, used 58506K [0x0000000704c00000, 0x0000000800000000)
  region size 2048K, 20 young (40960K), 2 survivors (4096K)
 Metaspace       used 41378K, committed 42048K, reserved 1114112K
  class space    used 5563K, committed 5888K, reserved 1048576K
}
Event: 4.497 GC heap after
{Heap after GC invocations=15 (full 0):
 garbage-first heap   total 69632K, used 22458K [0x0000000704c00000, 0x0000000800000000)
  region size 2048K, 2 young (4096K), 2 survivors (4096K)
 Metaspace       used 41378K, committed 42048K, reserved 1114112K
  class space    used 5563K, committed 5888K, reserved 1048576K
}
Event: 4.717 GC heap before
{Heap before GC invocations=15 (full 0):
 garbage-first heap   total 69632K, used 57274K [0x0000000704c00000, 0x0000000800000000)
  region size 2048K, 19 young (38912K), 2 survivors (4096K)
 Metaspace       used 44658K, committed 45312K, reserved 1114112K
  class space    used 6032K, committed 6336K, reserved 1048576K
}
Event: 4.721 GC heap after
{Heap after GC invocations=16 (full 0):
 garbage-first heap   total 83968K, used 23174K [0x0000000704c00000, 0x0000000800000000)
  region size 2048K, 2 young (4096K), 2 survivors (4096K)
 Metaspace       used 44658K, committed 45312K, reserved 1114112K
  class space    used 6032K, committed 6336K, reserved 1048576K
}
Event: 4.939 GC heap before
{Heap before GC invocations=16 (full 0):
 garbage-first heap   total 83968K, used 53894K [0x0000000704c00000, 0x0000000800000000)
  region size 2048K, 18 young (36864K), 2 survivors (4096K)
 Metaspace       used 47545K, committed 48128K, reserved 1114112K
  class space    used 6387K, committed 6656K, reserved 1048576K
}
Event: 4.942 GC heap after
{Heap after GC invocations=17 (full 0):
 garbage-first heap   total 83968K, used 23939K [0x0000000704c00000, 0x0000000800000000)
  region size 2048K, 2 young (4096K), 2 survivors (4096K)
 Metaspace       used 47545K, committed 48128K, reserved 1114112K
  class space    used 6387K, committed 6656K, reserved 1048576K
}
Event: 5.214 GC heap before
{Heap before GC invocations=18 (full 0):
 garbage-first heap   total 83968K, used 66947K [0x0000000704c00000, 0x0000000800000000)
  region size 2048K, 24 young (49152K), 2 survivors (4096K)
 Metaspace       used 52647K, committed 53312K, reserved 1114112K
  class space    used 7168K, committed 7488K, reserved 1048576K
}
Event: 5.217 GC heap after
{Heap after GC invocations=19 (full 0):
 garbage-first heap   total 83968K, used 24653K [0x0000000704c00000, 0x0000000800000000)
  region size 2048K, 2 young (4096K), 2 survivors (4096K)
 Metaspace       used 52647K, committed 53312K, reserved 1114112K
  class space    used 7168K, committed 7488K, reserved 1048576K
}
Event: 5.515 GC heap before
{Heap before GC invocations=19 (full 0):
 garbage-first heap   total 83968K, used 67661K [0x0000000704c00000, 0x0000000800000000)
  region size 2048K, 24 young (49152K), 2 survivors (4096K)
 Metaspace       used 56605K, committed 57280K, reserved 1114112K
  class space    used 7830K, committed 8128K, reserved 1048576K
}
Event: 5.520 GC heap after
{Heap after GC invocations=20 (full 0):
 garbage-first heap   total 83968K, used 24893K [0x0000000704c00000, 0x0000000800000000)
  region size 2048K, 2 young (4096K), 2 survivors (4096K)
 Metaspace       used 56605K, committed 57280K, reserved 1114112K
  class space    used 7830K, committed 8128K, reserved 1048576K
}
Event: 5.871 GC heap before
{Heap before GC invocations=20 (full 0):
 garbage-first heap   total 83968K, used 69949K [0x0000000704c00000, 0x0000000800000000)
  region size 2048K, 24 young (49152K), 2 survivors (4096K)
 Metaspace       used 60755K, committed 61440K, reserved 1114112K
  class space    used 8417K, committed 8704K, reserved 1048576K
}
Event: 5.874 GC heap after
{Heap after GC invocations=21 (full 0):
 garbage-first heap   total 102400K, used 26962K [0x0000000704c00000, 0x0000000800000000)
  region size 2048K, 3 young (6144K), 3 survivors (6144K)
 Metaspace       used 60755K, committed 61440K, reserved 1114112K
  class space    used 8417K, committed 8704K, reserved 1048576K
}
Event: 6.401 GC heap before
{Heap before GC invocations=21 (full 0):
 garbage-first heap   total 102400K, used 82258K [0x0000000704c00000, 0x0000000800000000)
  region size 2048K, 30 young (61440K), 3 survivors (6144K)
 Metaspace       used 64619K, committed 65408K, reserved 1114112K
  class space    used 9005K, committed 9344K, reserved 1048576K
}
Event: 6.406 GC heap after
{Heap after GC invocations=22 (full 0):
 garbage-first heap   total 102400K, used 30359K [0x0000000704c00000, 0x0000000800000000)
  region size 2048K, 4 young (8192K), 4 survivors (8192K)
 Metaspace       used 64619K, committed 65408K, reserved 1114112K
  class space    used 9005K, committed 9344K, reserved 1048576K
}
Event: 9.745 GC heap before
{Heap before GC invocations=22 (full 0):
 garbage-first heap   total 102400K, used 81559K [0x0000000704c00000, 0x0000000800000000)
  region size 2048K, 30 young (61440K), 4 survivors (8192K)
 Metaspace       used 69102K, committed 69952K, reserved 1114112K
  class space    used 9652K, committed 10048K, reserved 1048576K
}
Event: 9.752 GC heap after
{Heap after GC invocations=23 (full 0):
 garbage-first heap   total 102400K, used 32392K [0x0000000704c00000, 0x0000000800000000)
  region size 2048K, 3 young (6144K), 3 survivors (6144K)
 Metaspace       used 69102K, committed 69952K, reserved 1114112K
  class space    used 9652K, committed 10048K, reserved 1048576K
}

