# JRE version: OpenJDK Runtime Environment Temurin-21.0.5+11 (21.0.5+11) (build 21.0.5+11-LTS)
# Java VM: OpenJDK 64-Bit Server VM Temurin-21.0.5+11 (21.0.5+11-LTS, mixed mode, emulated-client, sharing, tiered, compressed oops, compressed class ptrs, g1 gc, windows-amd64)
GC Precious Log:
 CardTable entry size: 512
 Card Set container configuration: InlinePtr #cards 4 size 8 Array Of Cards #cards 16 size 48 Howl #buckets 8 coarsen threshold 3686 Howl Bitmap #cards 512 size 80 coarsen threshold 460 Card regions per heap region 1 cards per card region 4096
 CPUs: 12 total, 12 available
 Memory: 16077M
 Large Page Support: Disabled
 NUMA Support: Disabled
 Compressed Oops: Enabled (Zero based)
 Heap Region Size: 2M
 Heap Min Capacity: 8M
 Heap Initial Capacity: 252M
 Heap Max Capacity: 4020M
 Pre-touch: Disabled
 Parallel Workers: 10
 Concurrent Workers: 3
 Concurrent Refinement Workers: 10
 Periodic GC: Disabled
Heap:
 garbage-first heap   total 98304K, used 67163K [0x0000000704c00000, 0x0000000800000000)
  region size 2048K, 23 young (47104K), 4 survivors (8192K)
 Metaspace       used 67789K, committed 68672K, reserved 1114112K
  class space    used 9455K, committed 9856K, reserved 1048576K
GC Heap History (20 events):
Event: 2.865 GC heap before
{Heap before GC invocations=9 (full 0):
 garbage-first heap   total 69632K, used 50855K [0x0000000704c00000, 0x0000000800000000)
  region size 2048K, 20 young (40960K), 4 survivors (8192K)
 Metaspace       used 31100K, committed 31616K, reserved 1114112K
  class space    used 4121K, committed 4352K, reserved 1048576K
}
Event: 2.870 GC heap after
{Heap after GC invocations=10 (full 0):
 garbage-first heap   total 69632K, used 19341K [0x0000000704c00000, 0x0000000800000000)
  region size 2048K, 1 young (2048K), 1 survivors (2048K)
 Metaspace       used 31100K, committed 31616K, reserved 1114112K
  class space    used 4121K, committed 4352K, reserved 1048576K
}
Event: 3.202 GC heap before
{Heap before GC invocations=10 (full 0):
 garbage-first heap   total 69632K, used 58253K [0x0000000704c00000, 0x0000000800000000)
  region size 2048K, 20 young (40960K), 1 survivors (2048K)
 Metaspace       used 34347K, committed 34944K, reserved 1114112K
  class space    used 4569K, committed 4800K, reserved 1048576K
}
Event: 3.205 GC heap after
{Heap after GC invocations=11 (full 0):
 garbage-first heap   total 69632K, used 20681K [0x0000000704c00000, 0x0000000800000000)
  region size 2048K, 2 young (4096K), 2 survivors (4096K)
 Metaspace       used 34347K, committed 34944K, reserved 1114112K
  class space    used 4569K, committed 4800K, reserved 1048576K
}
Event: 3.422 GC heap before
{Heap before GC invocations=11 (full 0):
 garbage-first heap   total 69632K, used 55497K [0x0000000704c00000, 0x0000000800000000)
  region size 2048K, 20 young (40960K), 2 survivors (4096K)
 Metaspace       used 38079K, committed 38720K, reserved 1114112K
  class space    used 4995K, committed 5312K, reserved 1048576K
}
Event: 3.425 GC heap after
{Heap after GC invocations=12 (full 0):
 garbage-first heap   total 83968K, used 21215K [0x0000000704c00000, 0x0000000800000000)
  region size 2048K, 2 young (4096K), 2 survivors (4096K)
 Metaspace       used 38079K, committed 38720K, reserved 1114112K
  class space    used 4995K, committed 5312K, reserved 1048576K
}
Event: 3.688 GC heap before
{Heap before GC invocations=12 (full 0):
 garbage-first heap   total 83968K, used 66271K [0x0000000704c00000, 0x0000000800000000)
  region size 2048K, 24 young (49152K), 2 survivors (4096K)
 Metaspace       used 42077K, committed 42688K, reserved 1114112K
  class space    used 5676K, committed 5952K, reserved 1048576K
}
Event: 3.691 GC heap after
{Heap after GC invocations=13 (full 0):
 garbage-first heap   total 83968K, used 22342K [0x0000000704c00000, 0x0000000800000000)
  region size 2048K, 2 young (4096K), 2 survivors (4096K)
 Metaspace       used 42077K, committed 42688K, reserved 1114112K
  class space    used 5676K, committed 5952K, reserved 1048576K
}
Event: 3.978 GC heap before
{Heap before GC invocations=13 (full 0):
 garbage-first heap   total 83968K, used 67398K [0x0000000704c00000, 0x0000000800000000)
  region size 2048K, 24 young (49152K), 2 survivors (4096K)
 Metaspace       used 46333K, committed 47040K, reserved 1114112K
  class space    used 6260K, committed 6592K, reserved 1048576K
}
Event: 3.981 GC heap after
{Heap after GC invocations=14 (full 0):
 garbage-first heap   total 83968K, used 23400K [0x0000000704c00000, 0x0000000800000000)
  region size 2048K, 3 young (6144K), 3 survivors (6144K)
 Metaspace       used 46333K, committed 47040K, reserved 1114112K
  class space    used 6260K, committed 6592K, reserved 1048576K
}
Event: 4.052 GC heap before
{Heap before GC invocations=14 (full 0):
 garbage-first heap   total 83968K, used 33640K [0x0000000704c00000, 0x0000000800000000)
  region size 2048K, 9 young (18432K), 3 survivors (6144K)
 Metaspace       used 47385K, committed 48000K, reserved 1114112K
  class space    used 6362K, committed 6656K, reserved 1048576K
}
Event: 4.055 GC heap after
{Heap after GC invocations=15 (full 0):
 garbage-first heap   total 83968K, used 23575K [0x0000000704c00000, 0x0000000800000000)
  region size 2048K, 2 young (4096K), 2 survivors (4096K)
 Metaspace       used 47385K, committed 48000K, reserved 1114112K
  class space    used 6362K, committed 6656K, reserved 1048576K
}
Event: 4.327 GC heap before
{Heap before GC invocations=16 (full 0):
 garbage-first heap   total 81920K, used 66583K [0x0000000704c00000, 0x0000000800000000)
  region size 2048K, 24 young (49152K), 2 survivors (4096K)
 Metaspace       used 52574K, committed 53184K, reserved 1114112K
  class space    used 7142K, committed 7424K, reserved 1048576K
}
Event: 4.332 GC heap after
{Heap after GC invocations=17 (full 0):
 garbage-first heap   total 98304K, used 24378K [0x0000000704c00000, 0x0000000800000000)
  region size 2048K, 2 young (4096K), 2 survivors (4096K)
 Metaspace       used 52574K, committed 53184K, reserved 1114112K
  class space    used 7142K, committed 7424K, reserved 1048576K
}
Event: 4.692 GC heap before
{Heap before GC invocations=17 (full 0):
 garbage-first heap   total 98304K, used 77626K [0x0000000704c00000, 0x0000000800000000)
  region size 2048K, 28 young (57344K), 2 survivors (4096K)
 Metaspace       used 57324K, committed 58048K, reserved 1114112K
  class space    used 7949K, committed 8256K, reserved 1048576K
}
Event: 4.699 GC heap after
{Heap after GC invocations=18 (full 0):
 garbage-first heap   total 98304K, used 24590K [0x0000000704c00000, 0x0000000800000000)
  region size 2048K, 3 young (6144K), 3 survivors (6144K)
 Metaspace       used 57324K, committed 58048K, reserved 1114112K
  class space    used 7949K, committed 8256K, reserved 1048576K
}
Event: 5.131 GC heap before
{Heap before GC invocations=18 (full 0):
 garbage-first heap   total 98304K, used 73742K [0x0000000704c00000, 0x0000000800000000)
  region size 2048K, 28 young (57344K), 3 survivors (6144K)
 Metaspace       used 61605K, committed 62336K, reserved 1114112K
  class space    used 8550K, committed 8896K, reserved 1048576K
}
Event: 5.136 GC heap after
{Heap after GC invocations=19 (full 0):
 garbage-first heap   total 98304K, used 27890K [0x0000000704c00000, 0x0000000800000000)
  region size 2048K, 4 young (8192K), 4 survivors (8192K)
 Metaspace       used 61605K, committed 62336K, reserved 1114112K
  class space    used 8550K, committed 8896K, reserved 1048576K
}
Event: 5.545 GC heap before
{Heap before GC invocations=19 (full 0):
 garbage-first heap   total 98304K, used 77042K [0x0000000704c00000, 0x0000000800000000)
  region size 2048K, 28 young (57344K), 4 survivors (8192K)
 Metaspace       used 65191K, committed 65920K, reserved 1114112K
  class space    used 9084K, committed 9408K, reserved 1048576K
}
Event: 5.549 GC heap after
{Heap after GC invocations=20 (full 0):
 garbage-first heap   total 98304K, used 30299K [0x0000000704c00000, 0x0000000800000000)
  region size 2048K, 4 young (8192K), 4 survivors (8192K)
 Metaspace       used 65191K, committed 65920K, reserved 1114112K
  class space    used 9084K, committed 9408K, reserved 1048576K
}

